TN:
SF:src\vite-env.d.ts
FNF:0
FNH:0
LF:0
LH:0
BRF:0
BRH:0
end_of_record
TN:
SF:src\components\atoms\Cell\Cell.tsx
FN:12,(anonymous_0)
FN:16,(anonymous_1)
FN:23,(anonymous_2)
FN:25,(anonymous_3)
FNF:4
FNH:4
FNDA:200,(anonymous_0)
FNDA:2,(anonymous_1)
FNDA:4,(anonymous_2)
FNDA:1,(anonymous_3)
DA:12,2
DA:13,200
DA:14,200
DA:16,200
DA:18,2
DA:19,2
DA:23,200
DA:25,200
DA:27,200
LF:9
LH:9
BRDA:18,0,0,2
BRDA:18,1,0,2
BRDA:18,1,1,2
BRDA:29,2,0,2
BRDA:29,2,1,198
BRF:5
BRH:5
end_of_record
TN:
SF:src\components\atoms\Cell\index.ts
FNF:0
FNH:0
LF:0
LH:0
BRF:0
BRH:0
end_of_record
TN:
SF:src\components\molecules\Row\Row.tsx
FN:9,(anonymous_0)
FN:14,(anonymous_1)
FNF:2
FNH:2
FNDA:40,(anonymous_0)
FNDA:200,(anonymous_1)
DA:9,2
DA:10,40
DA:15,200
LF:3
LH:3
BRF:0
BRH:0
end_of_record
TN:
SF:src\components\molecules\Row\index.ts
FNF:0
FNH:0
LF:0
LH:0
BRF:0
BRH:0
end_of_record
TN:
SF:src\components\organisms\ErrorFallback\index.ts
FNF:0
FNH:0
LF:0
LH:0
BRF:0
BRH:0
end_of_record
TN:
SF:src\components\organisms\Grid\Grid.tsx
FN:7,(anonymous_0)
FN:11,(anonymous_1)
FN:28,(anonymous_2)
FNF:3
FNH:3
FNDA:8,(anonymous_0)
FNDA:3,(anonymous_1)
FNDA:40,(anonymous_2)
DA:7,2
DA:8,8
DA:9,8
DA:11,8
DA:13,3
DA:14,3
DA:18,8
DA:29,40
LF:8
LH:8
BRDA:13,0,0,3
BRF:1
BRH:1
end_of_record
TN:
SF:src\components\organisms\Grid\index.ts
FNF:0
FNH:0
LF:0
LH:0
BRF:0
BRH:0
end_of_record
TN:
SF:src\constants\grid.ts
FNF:0
FNH:0
DA:1,4
LF:1
LH:1
BRF:0
BRH:0
end_of_record
TN:
SF:src\constants\tests.ts
FNF:0
FNH:0
DA:1,2
LF:1
LH:1
BRF:0
BRH:0
end_of_record
TN:
SF:src\contexts\App\CellContext\CellContext.ts
FNF:0
FNH:0
DA:17,4
DA:18,4
DA:20,4
DA:21,4
LF:4
LH:4
BRF:0
BRH:0
end_of_record
TN:
SF:src\contexts\App\CellContext\index.ts
FNF:0
FNH:0
LF:0
LH:0
BRF:0
BRH:0
end_of_record
TN:
SF:src\hooks\App\useSafeContext\index.ts
FNF:0
FNH:0
LF:0
LH:0
BRF:0
BRH:0
end_of_record
TN:
SF:src\hooks\App\useSafeContext\useSafeContext.ts
FN:3,(anonymous_0)
FNF:1
FNH:1
FNDA:421,(anonymous_0)
DA:3,3
DA:4,421
DA:6,421
DA:7,4
DA:10,417
LF:5
LH:5
BRDA:6,0,0,4
BRDA:6,0,1,417
BRF:2
BRH:2
end_of_record
TN:
SF:src\pages\App\App.tsx
FN:7,(anonymous_0)
FNF:1
FNH:1
FNDA:1,(anonymous_0)
DA:7,1
DA:8,1
LF:2
LH:2
BRF:0
BRH:0
end_of_record
TN:
SF:src\pages\App\index.ts
FNF:0
FNH:0
LF:0
LH:0
BRF:0
BRH:0
end_of_record
TN:
SF:src\providers\App\CellsProvider\CellsProvider.tsx
FN:16,(anonymous_0)
FNF:1
FNH:1
FNDA:1,(anonymous_0)
DA:6,4
DA:16,4
DA:17,1
DA:19,1
LF:4
LH:4
BRF:0
BRH:0
end_of_record
TN:
SF:src\providers\App\CellsProvider\index.ts
FNF:0
FNH:0
LF:0
LH:0
BRF:0
BRH:0
end_of_record
TN:
SF:src\reducers\App\CellsReducer\CellsReducer.ts
FN:5,(anonymous_0)
FN:18,(anonymous_1)
FN:19,(anonymous_2)
FNF:3
FNH:3
FNDA:3,(anonymous_0)
FNDA:5,(anonymous_1)
FNDA:25,(anonymous_2)
DA:5,4
DA:6,3
DA:8,1
DA:18,1
DA:19,5
DA:20,25
DA:24,25
DA:30,1
DA:36,1
LF:9
LH:9
BRDA:6,0,0,1
BRDA:6,0,1,1
BRDA:6,0,2,1
BRDA:20,1,0,25
BRDA:20,2,0,25
BRDA:20,2,1,25
BRDA:21,3,0,25
BRDA:21,3,1,10
BRF:8
BRH:8
end_of_record
TN:
SF:src\reducers\App\CellsReducer\index.ts
FNF:0
FNH:0
LF:0
LH:0
BRF:0
BRH:0
end_of_record
TN:
SF:src\utils\isNumberBetween.ts
FN:1,(anonymous_0)
FNF:1
FNH:1
FNDA:39,(anonymous_0)
DA:1,5
DA:2,39
DA:3,1
DA:6,39
LF:4
LH:4
BRDA:2,0,0,1
BRDA:2,0,1,38
BRDA:6,1,0,39
BRDA:6,1,1,39
BRF:4
BRH:4
end_of_record
TN:
SF:src\utils\renderer.tsx
FN:22,(anonymous_0)
FN:38,(anonymous_1)
FNF:2
FNH:2
FNDA:8,(anonymous_0)
FNDA:7,(anonymous_1)
DA:12,2
DA:22,2
DA:26,8
DA:38,2
DA:39,7
DA:41,7
LF:6
LH:6
BRDA:26,0,0,8
BRDA:26,0,1,2
BRDA:27,1,0,8
BRDA:27,1,1,1
BRDA:38,2,0,7
BRF:5
BRH:5
end_of_record
